08:27:34.273 [main] [39mDEBUG[0;39m [36mc.m.a.BeforeAdvice[0;39m - ----|| 4.-         AroundBefore  getMetaClass ([])      ||----- 
08:27:34.278 [main] [39mDEBUG[0;39m [36mc.m.a.BeforeAdvice[0;39m - -----| 1.- Before  getMetaClass ([])|------- 
08:27:34.278 [main] [39mDEBUG[0;39m [36mc.m.a.BeforeAdvice[0;39m - ----|| 5.-         AroundAfter  getMetaClass ([])      ||----- 
08:27:34.278 [main] [39mDEBUG[0;39m [36mc.m.a.BeforeAdvice[0;39m - -----|| 2.-  After  getMetaClass ([])      ||---- 
08:27:34.279 [main] [39mDEBUG[0;39m [36mc.m.a.BeforeAdvice[0;39m - ---|| 3.- After Returning  getMetaClass ([]) ||---- 
08:27:34.281 [main] [39mDEBUG[0;39m [36mc.m.a.BeforeAdvice[0;39m - ----|| 4.-         AroundBefore  getMetaClass ([])      ||----- 
08:27:34.282 [main] [39mDEBUG[0;39m [36mc.m.a.BeforeAdvice[0;39m - -----| 1.- Before  getMetaClass ([])|------- 
08:27:34.282 [main] [39mDEBUG[0;39m [36mc.m.a.BeforeAdvice[0;39m - ----|| 5.-         AroundAfter  getMetaClass ([])      ||----- 
08:27:34.288 [main] [39mDEBUG[0;39m [36mc.m.a.BeforeAdvice[0;39m - -----|| 2.-  After  getMetaClass ([])      ||---- 
08:27:34.288 [main] [39mDEBUG[0;39m [36mc.m.a.BeforeAdvice[0;39m - ---|| 3.- After Returning  getMetaClass ([]) ||---- 
08:27:34.289 [main] [39mDEBUG[0;39m [36mc.m.a.BeforeAdvice[0;39m - ----|| 4.-         AroundBefore  primesTo ([10])      ||----- 
08:27:34.290 [main] [39mDEBUG[0;39m [36mc.m.a.BeforeAdvice[0;39m - -----| 1.- Before  primesTo ([10])|------- 
08:27:34.291 [main] [34mINFO [0;39m [36mc.m.b.MyMathImpl[0;39m - com.makingdevs.business.MyMathImpl -Primes to! 
08:27:34.294 [main] [39mDEBUG[0;39m [36mc.m.b.MyMathImpl[0;39m - **************************************************************************************************** 
08:27:34.299 [main] [39mDEBUG[0;39m [36mc.m.a.BeforeAdvice[0;39m - ----|| 5.-         AroundAfter  primesTo ([10])      ||----- 
08:27:34.299 [main] [39mDEBUG[0;39m [36mc.m.a.BeforeAdvice[0;39m - -----|| 2.-  After  primesTo ([10])      ||---- 
08:27:34.299 [main] [39mDEBUG[0;39m [36mc.m.a.BeforeAdvice[0;39m - ---|| 3.- After Returning  primesTo ([10]) ||---- 
08:36:52.612 [main] [39mDEBUG[0;39m [36mc.m.a.BeforeAdvice[0;39m - -----| 1.- Before  primesTo ([10])|------- 
08:36:52.617 [main] [34mINFO [0;39m [36mc.m.b.MyMathImpl[0;39m - com.makingdevs.business.MyMathImpl -Primes to! 
08:36:52.620 [main] [39mDEBUG[0;39m [36mc.m.b.MyMathImpl[0;39m - **************************************************************************************************** 
08:37:16.506 [main] [39mDEBUG[0;39m [36mc.m.a.BeforeAdvice[0;39m - -----| 1.- Before  primesTo ([10])|------- 
08:37:16.510 [main] [34mINFO [0;39m [36mc.m.b.MyMathImpl[0;39m - com.makingdevs.business.MyMathImpl -Primes to! 
08:37:16.513 [main] [39mDEBUG[0;39m [36mc.m.b.MyMathImpl[0;39m - **************************************************************************************************** 
08:46:37.120 [main] [39mDEBUG[0;39m [36mc.m.a.BeforeAdvice[0;39m - -----| 1.- Before  primesTo ([10])|------- 
08:46:37.130 [main] [34mINFO [0;39m [36mc.m.b.MyMathImpl[0;39m - com.makingdevs.business.MyMathImpl -Primes to! 
08:46:37.133 [main] [39mDEBUG[0;39m [36mc.m.b.MyMathImpl[0;39m - **************************************************************************************************** 
08:47:36.337 [main] [39mDEBUG[0;39m [36mc.m.a.BeforeAdvice[0;39m - -----| 1.- Before  primesTo ([10])|------- 
08:47:36.366 [main] [34mINFO [0;39m [36mc.m.b.MyMathImpl[0;39m - com.makingdevs.business.MyMathImpl -Primes to! 
